::1 - - [17/Nov/2025:07:37:47 +0000] "GET /api/articles HTTP/1.1" 200 216 "-" "PostmanRuntime/7.50.0"
::1 - - [17/Nov/2025:07:39:23 +0000] "GET /api/articles/1 HTTP/1.1" 200 104 "-" "PostmanRuntime/7.50.0"
::1 - - [17/Nov/2025:07:39:53 +0000] "GET /api/articles/1 HTTP/1.1" 200 104 "-" "PostmanRuntime/7.50.0"
::1 - - [17/Nov/2025:07:40:26 +0000] "POST /api/articles HTTP/1.1" 500 99 "-" "PostmanRuntime/7.50.0"
::1 - - [17/Nov/2025:07:40:49 +0000] "POST /api/articles HTTP/1.1" 201 124 "-" "PostmanRuntime/7.50.0"
::1 - - [17/Nov/2025:07:42:21 +0000] "PUT /api/articles/1 HTTP/1.1" 200 123 "-" "PostmanRuntime/7.50.0"
::1 - - [17/Nov/2025:07:46:23 +0000] "DELETE /api/articles/1 HTTP/1.1" 200 53 "-" "PostmanRuntime/7.50.0"
::1 - - [17/Nov/2025:07:47:57 +0000] "GET /api/articles HTTP/1.1" 200 195 "-" "PostmanRuntime/7.50.0"
::1 - - [17/Nov/2025:07:50:12 +0000] "GET /api/articles HTTP/1.1" 200 195 "-" "PostmanRuntime/7.50.0"
::1 - - [17/Nov/2025:07:51:31 +0000] "GET /api/articles HTTP/1.1" 200 216 "-" "PostmanRuntime/7.50.0"
::1 - - [17/Nov/2025:07:51:40 +0000] "GET /api/articles HTTP/1.1" 200 216 "-" "PostmanRuntime/7.50.0"
::1 - - [17/Nov/2025:07:51:43 +0000] "GET /api/articles HTTP/1.1" 200 216 "-" "PostmanRuntime/7.50.0"
::1 - - [17/Nov/2025:07:51:50 +0000] "GET /api/articles HTTP/1.1" 200 216 "-" "PostmanRuntime/7.50.0"
::1 - - [17/Nov/2025:07:53:21 +0000] "GET /api/articles HTTP/1.1" 200 216 "-" "PostmanRuntime/7.50.0"
::1 - - [17/Nov/2025:07:53:23 +0000] "GET /api/articles HTTP/1.1" 200 216 "-" "PostmanRuntime/7.50.0"
::1 - - [17/Nov/2025:07:54:32 +0000] "POST /api/articles HTTP/1.1" 500 99 "-" "PostmanRuntime/7.50.0"
::1 - - [17/Nov/2025:07:54:39 +0000] "POST /api/articles HTTP/1.1" 500 99 "-" "PostmanRuntime/7.50.0"
::1 - - [17/Nov/2025:07:55:11 +0000] "POST /api/articles HTTP/1.1" 500 99 "-" "PostmanRuntime/7.50.0"
::1 - - [17/Nov/2025:07:55:16 +0000] "GET /api/articles HTTP/1.1" 200 216 "-" "PostmanRuntime/7.50.0"
::1 - - [17/Nov/2025:07:55:20 +0000] "GET /api/articles HTTP/1.1" 200 216 "-" "PostmanRuntime/7.50.0"
::1 - - [17/Nov/2025:07:55:44 +0000] "POST /api/articles HTTP/1.1" 500 99 "-" "PostmanRuntime/7.50.0"
::1 - - [17/Nov/2025:07:57:42 +0000] "POST /api/articles/1 HTTP/1.1" 404 79 "-" "PostmanRuntime/7.50.0"
::1 - - [17/Nov/2025:07:57:53 +0000] "POST /api/articles/1 HTTP/1.1" 404 79 "-" "PostmanRuntime/7.50.0"
::1 - - [17/Nov/2025:07:58:02 +0000] "POST /api/articles HTTP/1.1" 201 115 "-" "PostmanRuntime/7.50.0"
::1 - - [17/Nov/2025:07:58:11 +0000] "POST /api/articles HTTP/1.1" 500 99 "-" "PostmanRuntime/7.50.0"
::1 - - [17/Nov/2025:08:42:35 +0000] "GET /api/articles HTTP/1.1" 200 267 "-" "PostmanRuntime/7.50.0"
::1 - - [17/Nov/2025:08:45:39 +0000] "GET /api/articles HTTP/1.1" 200 216 "-" "PostmanRuntime/7.50.0"
::1 - - [17/Nov/2025:08:45:45 +0000] "GET /api/articles HTTP/1.1" 200 216 "-" "PostmanRuntime/7.50.0"
::1 - - [17/Nov/2025:08:45:46 +0000] "GET /api/articles HTTP/1.1" 200 216 "-" "PostmanRuntime/7.50.0"
::1 - - [17/Nov/2025:08:45:46 +0000] "GET /api/articles HTTP/1.1" 200 216 "-" "PostmanRuntime/7.50.0"
::1 - - [17/Nov/2025:08:45:47 +0000] "GET /api/articles HTTP/1.1" 200 216 "-" "PostmanRuntime/7.50.0"
::1 - - [17/Nov/2025:08:45:48 +0000] "GET /api/articles HTTP/1.1" 200 216 "-" "PostmanRuntime/7.50.0"
::1 - - [17/Nov/2025:08:45:48 +0000] "GET /api/articles HTTP/1.1" 200 216 "-" "PostmanRuntime/7.50.0"
::1 - - [17/Nov/2025:08:45:49 +0000] "GET /api/articles HTTP/1.1" 200 216 "-" "PostmanRuntime/7.50.0"
::1 - - [17/Nov/2025:08:45:55 +0000] "GET /api/articles HTTP/1.1" 200 216 "-" "PostmanRuntime/7.50.0"
::1 - - [17/Nov/2025:08:45:56 +0000] "GET /api/articles HTTP/1.1" 200 216 "-" "PostmanRuntime/7.50.0"
::1 - - [17/Nov/2025:08:45:58 +0000] "GET /api/articles HTTP/1.1" 200 216 "-" "PostmanRuntime/7.50.0"
::1 - - [17/Nov/2025:08:46:04 +0000] "GET /api/articles HTTP/1.1" 200 216 "-" "PostmanRuntime/7.50.0"
::1 - - [17/Nov/2025:08:46:06 +0000] "GET /api/articles HTTP/1.1" 200 216 "-" "PostmanRuntime/7.50.0"
::1 - - [17/Nov/2025:08:46:07 +0000] "GET /api/articles HTTP/1.1" 200 216 "-" "PostmanRuntime/7.50.0"
::1 - - [17/Nov/2025:08:46:08 +0000] "GET /api/articles HTTP/1.1" 200 216 "-" "PostmanRuntime/7.50.0"
::1 - - [17/Nov/2025:08:46:17 +0000] "GET /api/articles HTTP/1.1" 200 216 "-" "PostmanRuntime/7.50.0"
::1 - - [17/Nov/2025:08:50:14 +0000] "GET /api/articles HTTP/1.1" 200 216 "-" "PostmanRuntime/7.50.0"
::1 - - [17/Nov/2025:08:50:29 +0000] "GET /api/articles HTTP/1.1" 200 216 "-" "PostmanRuntime/7.50.0"
::1 - - [17/Nov/2025:08:56:27 +0000] "GET /api/articles HTTP/1.1" 200 216 "-" "PostmanRuntime/7.50.0"
::1 - - [17/Nov/2025:08:59:09 +0000] "GET /api/articles HTTP/1.1" 200 216 "-" "PostmanRuntime/7.50.0"
::1 - - [17/Nov/2025:10:30:46 +0000] "GET /api/health HTTP/1.1" 200 83 "-" "PostmanRuntime/7.50.0"
::1 - - [17/Nov/2025:10:31:42 +0000] "GET /api/metrics HTTP/1.1" 200 166 "-" "PostmanRuntime/7.50.0"
::1 - - [23/Nov/2025:09:40:32 +0000] "GET /api/articles HTTP/1.1" 200 216 "-" "PostmanRuntime/7.49.1"
::1 - - [23/Nov/2025:09:40:41 +0000] "DELETE /api/articles/1 HTTP/1.1" 200 53 "-" "PostmanRuntime/7.49.1"
::1 - - [23/Nov/2025:09:50:21 +0000] "DELETE /api/articles/1 HTTP/1.1" 200 53 "-" "PostmanRuntime/7.49.1"
::1 - - [23/Nov/2025:09:50:43 +0000] "DELETE /api/articles/999 HTTP/1.1" 404 53 "-" "PostmanRuntime/7.49.1"
::1 - - [23/Nov/2025:09:52:53 +0000] "DELETE /api/articles/1 HTTP/1.1" 404 53 "-" "PostmanRuntime/7.49.1"
::1 - - [23/Nov/2025:09:54:16 +0000] "GET /api/articles HTTP/1.1" 200 135 "-" "PostmanRuntime/7.49.1"
::1 - - [23/Nov/2025:09:54:23 +0000] "GET /api/articles HTTP/1.1" 200 135 "-" "PostmanRuntime/7.49.1"
::1 - - [23/Nov/2025:09:54:42 +0000] "GET /api/health HTTP/1.1" 200 82 "-" "PostmanRuntime/7.49.1"
::1 - - [23/Nov/2025:09:58:08 +0000] "DELETE /api/articles/999 HTTP/1.1" 404 53 "-" "PostmanRuntime/7.49.1"
::1 - - [23/Nov/2025:09:58:36 +0000] "DELETE /api/articles/1 HTTP/1.1" 404 53 "-" "PostmanRuntime/7.49.1"
::1 - - [23/Nov/2025:10:03:06 +0000] "GET /api/articles/1 HTTP/1.1" 404 53 "-" "PostmanRuntime/7.49.1"
::1 - - [23/Nov/2025:10:03:20 +0000] "POST /api/articles HTTP/1.1" 201 124 "-" "PostmanRuntime/7.49.1"
::1 - - [23/Nov/2025:10:03:27 +0000] "PUT /api/articles/1 HTTP/1.1" 404 53 "-" "PostmanRuntime/7.49.1"
::1 - - [23/Nov/2025:10:04:08 +0000] "DELETE /api/articles/999 HTTP/1.1" 404 53 "-" "PostmanRuntime/7.49.1"
::1 - - [23/Nov/2025:10:10:07 +0000] "POST /api/articles HTTP/1.1" 400 59 "-" "PostmanRuntime/7.49.1"
::1 - - [23/Nov/2025:10:12:22 +0000] "PUT /api/articles/3 HTTP/1.1" 404 53 "-" "PostmanRuntime/7.49.1"
::1 - - [23/Nov/2025:10:12:26 +0000] "PUT /api/articles/3 HTTP/1.1" 404 53 "-" "PostmanRuntime/7.49.1"
::1 - - [23/Nov/2025:10:12:32 +0000] "PUT /api/articles/1 HTTP/1.1" 404 53 "-" "PostmanRuntime/7.49.1"
::1 - - [23/Nov/2025:10:14:47 +0000] "PUT /api/articles/%7Bid%7D HTTP/1.1" 404 53 "-" "PostmanRuntime/7.49.1"
::1 - - [23/Nov/2025:10:15:19 +0000] "PUT /api/articles/999 HTTP/1.1" 500 99 "-" "PostmanRuntime/7.49.1"
::1 - - [23/Nov/2025:10:19:21 +0000] "PUT /api/students/7 HTTP/1.1" 404 54 "-" "PostmanRuntime/7.49.1"
::1 - - [23/Nov/2025:10:20:53 +0000] "PUT /api/articles HTTP/1.1" 404 54 "-" "PostmanRuntime/7.49.1"
::1 - - [23/Nov/2025:10:20:58 +0000] "PUT /api/articles HTTP/1.1" 404 54 "-" "PostmanRuntime/7.49.1"
::1 - - [23/Nov/2025:10:21:41 +0000] "PUT /api/articles/2 HTTP/1.1" 200 123 "-" "PostmanRuntime/7.49.1"
::1 - - [23/Nov/2025:10:23:27 +0000] "DELETE /api/articles/2 HTTP/1.1" 200 53 "-" "PostmanRuntime/7.49.1"
::1 - - [23/Nov/2025:10:24:44 +0000] "GET /api/metrics HTTP/1.1" 200 167 "-" "PostmanRuntime/7.49.1"
::1 - - [23/Nov/2025:10:27:55 +0000] "GET /api/articles HTTP/1.1" 200 57 "-" "PostmanRuntime/7.49.1"
::1 - - [23/Nov/2025:10:34:10 +0000] "GET /api/articles HTTP/1.1" 200 328 "-" "PostmanRuntime/7.49.1"
::1 - - [23/Nov/2025:10:36:48 +0000] "GET /api/articles/2 HTTP/1.1" 200 158 "-" "PostmanRuntime/7.49.1"
::1 - - [23/Nov/2025:10:44:21 +0000] "GET /api/info HTTP/1.1" 404 54 "-" "PostmanRuntime/7.49.1"
::1 - - [23/Nov/2025:10:57:40 +0000] "GET /api/info HTTP/1.1" 200 126 "-" "PostmanRuntime/7.49.1"
::1 - - [23/Nov/2025:10:58:26 +0000] "GET /api/info HTTP/1.1" 200 126 "-" "PostmanRuntime/7.49.1"
::1 - - [23/Nov/2025:11:01:10 +0000] "GET /api/salahbanget HTTP/1.1" 404 54 "-" "PostmanRuntime/7.49.1"
